<?xml version="1.0" encoding="UTF-8"?>
<!-- Generated by org.testng.reporters.JUnitReportReporter -->
<testsuite hostname="TYSS-Shobha" failures="0" tests="1" name="demo.SampleTest" time="0.013" errors="0" timestamp="2023-12-19T11:45:01 IST" skipped="0">
  <testcase classname="demo.SampleTest" name="m1" time="0.013"/>
</testsuite> <!-- demo.SampleTest -->
